<?xml version="1.0" encoding="utf-8"?>
<!--This flex compiler configuration file was generated by AjcBuild.-->
<!--Any modifications you make may be lost.-->
<flex-config>
  <use-network>true</use-network>
  <warnings>true</warnings>
  <compiler>
    <define append="true">
      <name>CONFIG::debug</name>
      <value>true</value>
    </define>
    <define append="true">
      <name>CONFIG::release</name>
      <value>false</value>
    </define>
    <define append="true">
      <name>CONFIG::timeStamp</name>
      <value>'12/29/2017'</value>
    </define>
    <define append="true">
      <name>COMPILE::SWF</name>
      <value>false</value>
    </define>
    <define append="true">
      <name>COMPILE::JS</name>
      <value>true</value>
    </define>
    <allow-source-path-overlap>false</allow-source-path-overlap>
    <es>false</es>
    <as3>true</as3>
    <strict>true</strict>
    <show-actionscript-warnings>true</show-actionscript-warnings>
    <show-binding-warnings>true</show-binding-warnings>
    <show-deprecation-warnings>true</show-deprecation-warnings>
    <optimize>true</optimize>
    <verbose-stacktraces>true</verbose-stacktraces>
    <source-path append="true">
      <path-element>D:\AJC\ajc-cpp\ajc-oryol\ajc-runtime-web\as3\src</path-element>
    </source-path>
    <external-library-path append="true">
      <path-element>D:\AJC\ajc-cpp\ajc-oryol\ajc-runtime-web\as3\libs\bin\ajcFlash.swc</path-element>
      <path-element>D:\AJC\ajc-asjs\ide\flashdevelop\FlashDevelop\Bin\Debug\ajc-asjs-sdk\frameworks\js\1.0\libs-header\js-global.swc</path-element>
    </external-library-path>
    <library-path append="true">
      <path-element>D:\AJC\ajc-asjs\ide\flashdevelop\FlashDevelop\Bin\Debug\ajc-asjs-sdk\frameworks\js\1.0\libs-library\as3-intrinsic.swc</path-element>
    </library-path>
  </compiler>
  <file-specs>
    <path-element>D:\AJC\ajc-cpp\ajc-oryol\ajc-runtime-web\as3\src\Test_BunnyMark.as</path-element>
  </file-specs>
</flex-config>